[2012-10-20 12:34:41] START
[2012-10-20 12:35:53] CREATE slugFriends.py: 0
[2012-10-20 13:48:29] EDIT slugFriends/models/slugFriends.py: 6
[2012-10-20 14:27:44] EDIT slugFriends/models/slugFriends.py: 29
[2012-10-20 16:15:32] EDIT slugFriends/controllers/default.py: 20
[2012-10-24 12:37:52] EDIT slugFriends/models/slugFriends.py: 13
[2012-10-24 12:38:29] EDIT slugFriends/models/slugFriends.py: 0
[2012-10-24 12:39:29] EDIT slugFriends/models/slugFriends.py: 0
[2012-10-24 13:20:42] EDIT slugFriends/controllers/default.py: 0
[2012-10-25 19:32:54] EDIT slugFriends/models/slugFriends.py: 0
[2012-10-25 19:34:53] EDIT slugFriends/models/slugFriends.py: 0
[2012-10-25 19:41:08] EDIT slugFriends/models/slugFriends.py: 0
[2012-10-25 19:43:40] EDIT slugFriends/models/slugFriends.py: 0
[2012-10-25 19:44:22] EDIT slugFriends/models/slugFriends.py: 1
[2012-10-25 19:45:47] EDIT slugFriends/models/slugFriends.py: 0
[2012-10-25 19:46:59] EDIT slugFriends/models/slugFriends.py: 0
[2012-10-25 20:10:07] EDIT slugFriends/models/slugFriends.py: 0
[2012-10-25 20:10:47] EDIT slugFriends/models/slugFriends.py: 0
[2012-10-25 20:12:28] EDIT slugFriends/models/slugFriends.py: 0
[2012-10-25 20:15:01] EDIT slugFriends/models/slugFriends.py: 0
[2012-10-25 21:52:24] EDIT slugFriends/models/slugFriends.py: 0
[2012-10-26 11:54:50] EDIT slugFriends/models/slugFriends.py: 0
[2012-10-26 11:58:08] EDIT slugFriends/models/slugFriends.py: 0
[2012-10-26 11:58:23] EDIT slugFriends/models/slugFriends.py: 0
[2012-10-26 12:02:09] EDIT slugFriends/models/slugFriends.py: 0
[2012-10-26 12:03:50] EDIT slugFriends/models/slugFriends.py: 0
[2012-10-26 12:05:00] EDIT slugFriends/models/slugFriends.py: 0
[2012-10-26 12:13:13] EDIT slugFriends/models/slugFriends.py: 0
[2012-10-26 12:14:57] EDIT slugFriends/models/slugFriends.py: 0
[2012-10-26 12:15:42] EDIT slugFriends/models/slugFriends.py: 0
[2012-10-26 12:17:58] EDIT slugFriends/models/slugFriends.py: 0
[2012-10-26 12:21:53] EDIT slugFriends/models/slugFriends.py: 0
[2012-10-26 12:28:12] EDIT slugFriends/models/slugFriends.py: 0
[2012-10-26 15:04:01] EDIT slugFriends/controllers/default.py: 0
[2012-10-26 15:06:12] EDIT slugFriends/models/slugFriends.py: 0
[2012-10-26 15:49:07] EDIT slugFriends/controllers/default.py: -4
[2012-10-26 15:49:51] EDIT slugFriends/controllers/default.py: 0
[2012-10-26 15:50:18] EDIT slugFriends/controllers/default.py: -1
[2012-10-26 16:14:04] EDIT slugFriends/models/slugFriends.py: 1
[2012-10-26 16:35:48] EDIT slugFriends/models/slugFriends.py: 0
[2012-10-26 16:37:47] EDIT slugFriends/models/slugFriends.py: 0
[2012-10-26 16:39:32] EDIT slugFriends/controllers/default.py: 2
[2012-10-27 12:38:30] EDIT slugFriends/models/slugFriends.py: -5
[2012-10-27 12:39:06] EDIT slugFriends/models/slugFriends.py: 0
[2012-10-27 12:39:08] EDIT slugFriends/models/slugFriends.py: 0
[2012-10-27 12:40:24] EDIT slugFriends/models/slugFriends.py: 0
[2012-10-27 12:50:29] EDIT slugFriends/controllers/default.py: 1
[2012-10-27 12:52:12] EDIT slugFriends/controllers/default.py: 0
[2012-10-27 12:52:40] EDIT slugFriends/models/slugFriends.py: -4
[2012-10-27 13:12:21] EDIT slugFriends/models/slugFriends.py: -1
[2012-10-27 13:27:07] EDIT slugFriends/models/slugFriends.py: 0
[2012-10-27 13:58:59] EDIT slugFriends/models/slugFriends.py: 0
[2012-10-27 14:13:24] EDIT slugFriends/controllers/default.py: -1
[2012-10-28 16:07:04] EDIT slugFriends/views/default/index.html: -18
[2012-10-28 16:08:34] EDIT slugFriends/views/default/index.html: 1
[2012-10-28 16:09:24] EDIT slugFriends/views/default/index.html: 0
[2012-10-28 16:09:47] EDIT slugFriends/views/default/index.html: 1
[2012-10-28 16:24:12] EDIT slugFriends/views/default/index.html: 0
[2012-10-28 16:52:07] CREATE default/create_group.html: 0
[2012-10-28 16:52:29] EDIT slugFriends/views/default/create_group.html: 1
[2012-10-28 16:57:17] EDIT slugFriends/views/default/create_group.html: 0
[2012-10-28 17:00:40] EDIT slugFriends/controllers/default.py: -1
[2012-10-28 17:10:51] EDIT slugFriends/controllers/default.py: 0
[2012-10-28 17:11:42] DELETE slugFriends/views/default/create_group.html: -4
[2012-10-28 17:12:02] CREATE default/createAGroup.html: 0
[2012-10-28 17:14:22] EDIT slugFriends/views/default/createAGroup.html: 1
[2012-10-28 17:16:36] EDIT slugFriends/views/default/createAGroup.html: 0
[2012-10-28 17:17:20] EDIT slugFriends/views/default/index.html: 0
[2012-10-28 17:19:48] EDIT slugFriends/controllers/default.py: -6
[2012-10-28 17:21:23] EDIT slugFriends/views/default/createAGroup.html: -1
[2012-10-28 17:22:07] EDIT slugFriends/views/default/createAGroup.html: 2
[2012-10-28 17:24:17] EDIT slugFriends/views/default/index.html: -1
[2012-10-28 17:26:00] EDIT slugFriends/controllers/default.py: 6
[2012-10-28 17:26:59] EDIT slugFriends/controllers/default.py: 0
[2012-10-28 17:32:28] EDIT slugFriends/controllers/default.py: 1
[2012-10-28 17:33:15] EDIT slugFriends/controllers/default.py: 0
[2012-10-28 17:44:00] EDIT slugFriends/controllers/default.py: 1
[2012-10-28 17:46:21] EDIT slugFriends/controllers/default.py: 5
[2012-10-28 17:59:59] EDIT slugFriends/controllers/default.py: -2
[2012-10-28 18:01:46] EDIT slugFriends/controllers/default.py: 0
[2012-10-28 18:03:41] CREATE index/listGroups.html: 0
[2012-10-28 18:19:22] EDIT slugFriends/views/index/listGroups.html: 7
[2012-10-28 18:20:16] EDIT slugFriends/views/index/listGroups.html: 0
[2012-10-28 18:26:25] EDIT slugFriends/views/default/createAGroup.html: 1
[2012-10-28 18:26:54] EDIT slugFriends/views/default/createAGroup.html: 0
[2012-10-28 18:27:07] EDIT slugFriends/views/default/createAGroup.html: 0
[2012-10-28 18:28:43] CREATE default/listGroups.html: 0
[2012-10-28 18:38:37] EDIT slugFriends/views/default/listGroups.html: 8
[2012-10-28 18:39:50] EDIT slugFriends/views/default/listGroups.html: 0
[2012-10-28 18:42:25] EDIT slugFriends/controllers/default.py: 0
[2012-10-28 18:45:13] EDIT slugFriends/controllers/default.py: 0
[2012-10-28 18:46:11] EDIT slugFriends/controllers/default.py: 0
[2012-10-29 18:54:29] EDIT slugFriends/controllers/default.py: 0
[2012-10-29 18:55:45] CREATE default/Groups.html: 0
[2012-10-29 18:55:49] EDIT slugFriends/views/default/Groups.html: 0
[2012-10-29 18:58:33] DELETE slugFriends/views/default/Groups.html: -3
[2012-10-29 18:58:48] CREATE default/groups.html: 0
[2012-10-29 19:08:08] EDIT slugFriends/views/default/groups.html: 2
[2012-10-29 19:09:56] EDIT slugFriends/views/default/groups.html: 0
[2012-10-29 19:11:08] EDIT slugFriends/controllers/default.py: 1
[2012-10-29 19:23:40] EDIT slugFriends/views/default/groups.html: 0
[2012-10-29 19:24:29] EDIT slugFriends/views/default/groups.html: 0
[2012-10-29 20:02:55] EDIT slugFriends/controllers/default.py: 1
[2012-10-29 20:03:24] EDIT slugFriends/controllers/default.py: 0
[2012-10-29 20:06:43] EDIT slugFriends/views/default/groups.html: 7
[2012-10-29 20:12:02] EDIT slugFriends/views/default/groups.html: 0
[2012-10-29 20:12:45] EDIT slugFriends/views/default/groups.html: 0
[2012-10-29 20:13:24] EDIT slugFriends/views/default/groups.html: 0
[2012-10-29 20:14:22] EDIT slugFriends/views/default/groups.html: 1
[2012-10-29 20:15:58] EDIT slugFriends/views/default/groups.html: 0
[2012-10-29 20:23:57] EDIT slugFriends/views/default/groups.html: 0
[2012-10-29 20:24:27] EDIT slugFriends/views/default/groups.html: 0
[2012-10-29 20:26:07] EDIT slugFriends/views/default/groups.html: 0
[2012-10-29 20:27:39] EDIT slugFriends/views/default/groups.html: 0
[2012-10-29 20:28:25] EDIT slugFriends/views/default/groups.html: 0
[2012-10-29 20:28:53] EDIT slugFriends/views/default/groups.html: 0
[2012-10-29 20:30:18] EDIT slugFriends/views/default/groups.html: 0
[2012-10-29 20:31:25] EDIT slugFriends/views/default/groups.html: 0
[2012-10-29 20:32:28] EDIT slugFriends/views/default/groups.html: 0
[2012-10-29 20:33:11] EDIT slugFriends/views/default/groups.html: 0
[2012-10-29 20:34:03] EDIT slugFriends/views/default/groups.html: 0
[2012-10-29 20:34:35] EDIT slugFriends/views/default/groups.html: -1
[2012-10-29 20:35:05] EDIT slugFriends/views/default/groups.html: 1
[2012-10-29 20:35:50] EDIT slugFriends/views/default/groups.html: 0
